{"label":"sloppy.core.main","level":"info","message":"Workspace prepared at \/Users\/vprusakov\/Developer\/SloppyTeam\/Sloppy\/.\/.sloppy","metadata":{},"source":"Core","timestamp":"2026-03-09T23:46:39.075Z"}
{"label":"sloppy.core.main","level":"info","message":"System logs are persisted at \/Users\/vprusakov\/Developer\/SloppyTeam\/Sloppy\/.\/.sloppy\/logs\/core-2026-03-09.log","metadata":{},"source":"Core","timestamp":"2026-03-09T23:46:39.079Z"}
{"label":"sloppy.core.main","level":"info","message":"Config initialized at \/Users\/vprusakov\/Developer\/SloppyTeam\/Sloppy\/.\/.sloppy\/sloppy.json","metadata":{},"source":"Core","timestamp":"2026-03-09T23:46:39.081Z"}
{"label":"sloppy.memory","level":"info","message":"Memory provider: using built-in local provider","metadata":{},"source":"Core","timestamp":"2026-03-09T23:46:39.082Z"}
{"label":"sloppy.core.main","level":"info","message":"Sloppy Core initialized","metadata":{},"source":"Core","timestamp":"2026-03-09T23:46:39.108Z"}
{"label":"sloppy.core.visor","level":"info","message":"Starting VisorScheduler with interval 300.0 seconds and jitter 60.0 seconds","metadata":{},"source":"Core","timestamp":"2026-03-09T23:46:39.110Z"}
{"label":"sloppy.core.visor","level":"info","message":"Starting CronRunner","metadata":{},"source":"Core","timestamp":"2026-03-09T23:46:39.110Z"}
{"label":"sloppy.core.visor","level":"debug","message":"VisorScheduler sleeping for 308.4608915400126 seconds","metadata":{},"source":"Core","timestamp":"2026-03-09T23:46:39.110Z"}
{"label":"sloppy.core.heartbeat","level":"info","message":"Starting HeartbeatRunner","metadata":{},"source":"Core","timestamp":"2026-03-09T23:46:39.110Z"}
{"label":"sloppy.core.visor","level":"info","message":"runtime.recovery.completed","metadata":{"artifacts":"0","channels":"0","events":"0","tasks":"0"},"source":"Core","timestamp":"2026-03-09T23:46:39.111Z"}
{"label":"sloppy.core.main","level":"info","message":"Visor bulletin generated: Runtime bulletin: 0 channels, 0 workers","metadata":{},"source":"Core","timestamp":"2026-03-09T23:46:39.116Z"}
{"label":"sloppy.core.main","level":"info","message":"Workspace prepared at \/root\/.\/.sloppy","metadata":{},"source":"Core","timestamp":"2026-03-09T23:48:43.398Z"}
{"label":"sloppy.core.main","level":"info","message":"System logs are persisted at \/root\/.\/.sloppy\/logs\/core-2026-03-09.log","metadata":{},"source":"Core","timestamp":"2026-03-09T23:48:43.402Z"}
{"label":"sloppy.memory","level":"info","message":"Memory provider: using built-in local provider","metadata":{},"source":"Core","timestamp":"2026-03-09T23:48:43.403Z"}
{"label":"sloppy.core.main","level":"info","message":"Sloppy Core initialized","metadata":{},"source":"Core","timestamp":"2026-03-09T23:48:43.445Z"}
{"label":"sloppy.core.visor","level":"info","message":"Starting VisorScheduler with interval 300.0 seconds and jitter 60.0 seconds","metadata":{},"source":"Core","timestamp":"2026-03-09T23:48:43.448Z"}
{"label":"sloppy.core.visor","level":"info","message":"Starting CronRunner","metadata":{},"source":"Core","timestamp":"2026-03-09T23:48:43.450Z"}
{"label":"sloppy.core.heartbeat","level":"info","message":"Starting HeartbeatRunner","metadata":{},"source":"Core","timestamp":"2026-03-09T23:48:43.451Z"}
{"label":"sloppy.core.visor","level":"debug","message":"VisorScheduler sleeping for 337.01821547642044 seconds","metadata":{},"source":"Core","timestamp":"2026-03-09T23:48:43.450Z"}
{"label":"sloppy.core.main","level":"info","message":"Core HTTP server listening on 0.0.0.0:25101","metadata":{},"source":"Core","timestamp":"2026-03-09T23:48:43.501Z"}
{"label":"sloppy.core.visor","level":"info","message":"runtime.recovery.completed","metadata":{"artifacts":"0","channels":"0","events":"0","tasks":"0"},"source":"Core","timestamp":"2026-03-09T23:48:43.505Z"}
{"label":"sloppy.core.main","level":"info","message":"Visor bulletin generated: Runtime bulletin: 0 channels, 0 workers","metadata":{},"source":"Core","timestamp":"2026-03-09T23:48:43.519Z"}
{"label":"sloppy.core.main","level":"info","message":"Sloppy Core foreground server mode is active","metadata":{},"source":"Core","timestamp":"2026-03-09T23:48:43.520Z"}
{"label":"sloppy.core.visor","level":"debug","message":"CronRunner tick at 2026-03-09 23:49","metadata":{},"source":"Core","timestamp":"2026-03-09T23:49:01.469Z"}
{"label":"sloppy.core.visor","level":"debug","message":"CronRunner tick at 2026-03-09 23:50","metadata":{},"source":"Core","timestamp":"2026-03-09T23:50:01.484Z"}
{"label":"sloppy.core.visor","level":"debug","message":"CronRunner tick at 2026-03-09 23:51","metadata":{},"source":"Core","timestamp":"2026-03-09T23:51:01.492Z"}
{"label":"sloppy.core.visor","level":"debug","message":"CronRunner tick at 2026-03-09 23:52","metadata":{},"source":"Core","timestamp":"2026-03-09T23:52:01.501Z"}
{"label":"sloppy.core.visor","level":"debug","message":"CronRunner tick at 2026-03-09 23:53","metadata":{},"source":"Core","timestamp":"2026-03-09T23:53:01.509Z"}
{"label":"sloppy.core.visor","level":"debug","message":"CronRunner tick at 2026-03-09 23:54","metadata":{},"source":"Core","timestamp":"2026-03-09T23:54:01.558Z"}
{"label":"sloppy.core.visor","level":"info","message":"Generating periodic visor bulletin","metadata":{},"source":"Core","timestamp":"2026-03-09T23:54:20.485Z"}
{"label":"sloppy.core.visor","level":"info","message":"Periodic visor bulletin generated successfully","metadata":{},"source":"Core","timestamp":"2026-03-09T23:54:20.501Z"}
{"label":"sloppy.core.visor","level":"debug","message":"VisorScheduler sleeping for 325.0695625682861 seconds","metadata":{},"source":"Core","timestamp":"2026-03-09T23:54:20.503Z"}
{"label":"sloppy.core.visor","level":"debug","message":"CronRunner tick at 2026-03-09 23:55","metadata":{},"source":"Core","timestamp":"2026-03-09T23:55:01.576Z"}
{"label":"sloppy.core.visor","level":"debug","message":"CronRunner tick at 2026-03-09 23:56","metadata":{},"source":"Core","timestamp":"2026-03-09T23:56:01.587Z"}
{"label":"sloppy.core.visor","level":"debug","message":"CronRunner tick at 2026-03-09 23:57","metadata":{},"source":"Core","timestamp":"2026-03-09T23:57:01.608Z"}
{"label":"sloppy.core.visor","level":"debug","message":"CronRunner tick at 2026-03-09 23:58","metadata":{},"source":"Core","timestamp":"2026-03-09T23:58:01.618Z"}
{"label":"sloppy.core.visor","level":"debug","message":"CronRunner tick at 2026-03-09 23:59","metadata":{},"source":"Core","timestamp":"2026-03-09T23:59:01.634Z"}
{"label":"sloppy.core.visor","level":"info","message":"Generating periodic visor bulletin","metadata":{},"source":"Core","timestamp":"2026-03-09T23:59:45.577Z"}
{"label":"sloppy.core.visor","level":"info","message":"Periodic visor bulletin generated successfully","metadata":{},"source":"Core","timestamp":"2026-03-09T23:59:45.591Z"}
{"label":"sloppy.core.visor","level":"debug","message":"VisorScheduler sleeping for 339.62730256280696 seconds","metadata":{},"source":"Core","timestamp":"2026-03-09T23:59:45.593Z"}
{"label":"sloppy.core.visor","level":"debug","message":"CronRunner tick at 2026-03-10 00:00","metadata":{},"source":"Core","timestamp":"2026-03-10T00:00:01.649Z"}
{"label":"sloppy.core.visor","level":"debug","message":"CronRunner tick at 2026-03-10 00:01","metadata":{},"source":"Core","timestamp":"2026-03-10T00:01:01.667Z"}
{"label":"sloppy.core.visor","level":"debug","message":"CronRunner tick at 2026-03-10 00:02","metadata":{},"source":"Core","timestamp":"2026-03-10T00:02:01.678Z"}
{"label":"sloppy.core.visor","level":"debug","message":"CronRunner tick at 2026-03-10 00:03","metadata":{},"source":"Core","timestamp":"2026-03-10T00:03:01.684Z"}
{"label":"sloppy.core.visor","level":"debug","message":"CronRunner tick at 2026-03-10 00:04","metadata":{},"source":"Core","timestamp":"2026-03-10T00:04:01.687Z"}
{"label":"sloppy.core.visor","level":"debug","message":"CronRunner tick at 2026-03-10 00:05","metadata":{},"source":"Core","timestamp":"2026-03-10T00:05:01.698Z"}
{"label":"sloppy.core.visor","level":"info","message":"Generating periodic visor bulletin","metadata":{},"source":"Core","timestamp":"2026-03-10T00:05:25.230Z"}
{"label":"sloppy.core.visor","level":"info","message":"Periodic visor bulletin generated successfully","metadata":{},"source":"Core","timestamp":"2026-03-10T00:05:25.245Z"}
{"label":"sloppy.core.visor","level":"debug","message":"VisorScheduler sleeping for 328.02886566316926 seconds","metadata":{},"source":"Core","timestamp":"2026-03-10T00:05:25.247Z"}
